Arguments: 
  C:\Program Files\nodejs\node.exe C:\Program Files (x86)\Yarn\bin\yarn.js add electron-builder --dev

PATH: 
  C:\Windows\system32;C:\Windows;C:\Windows\System32\Wbem;C:\Windows\System32\WindowsPowerShell\v1.0\;C:\Windows\System32\OpenSSH\;C:\Program Files\nodejs\;C:\Program Files (x86)\Yarn\bin\;D:\phpstudy_pro\Extensions\php\php7.3.4nts;C:\Program Files\Git\cmd;C:\composer;C:\Users\admin\AppData\Local\Microsoft\WindowsApps;C:\Users\admin\AppData\Roaming\npm;C:\Users\admin\AppData\Local\Programs\Microsoft VS Code\bin;C:\Users\admin\AppData\Local\Yarn\bin;D:\phpstudy_pro\Extensions\php\php7.3.4nts;D:\www\ffmpeg\bin;C:\Users\admin\AppData\Roaming\Composer\vendor\bin

Yarn version: 
  1.22.4

Node version: 
  12.16.1

Platform: 
  win32 x64

Trace: 
  Error: ENOENT: no such file or directory, copyfile 'C:\Users\admin\AppData\Local\Yarn\Cache\v6\npm-color-convert-2.0.1-72d3a68d598c9bdb3af2ad1e84f21d896abd4de3-integrity\node_modules\color-convert\CHANGELOG.md' -> 'D:\www\project\node_modules\boxen\node_modules\color-convert\CHANGELOG.md'

npm manifest: 
  {
    "name": "guangyizhou",
    "version": "1.0.0",
    "main": "main.js",
    "scripts": {
      "serve": "vue-cli-service serve",
      "build": "vue-cli-service build",
      "lint": "vue-cli-service lint",
      "start": "electron .",
      "electron-build": "vue-cli-service build && electron-packager ./dist 广艺舟 --arch=x64 --icon=dist/favicon.ico  --overwrite",
      "dist": "electron-builder"
    },
    "repository": "https://github.com/xingyuelongchen/project --all",
    "keywords": [
      "Electron",
      "quick",
      "start",
      "tutorial",
      "demo"
    ],
    "dependencies": {
      "axios": "^0.19.2",
      "core-js": "^3.6.5",
      "element-ui": "^2.13.2",
      "file-saver": "^2.0.2",
      "less-loader": "^6.2.0",
      "request": "^2.88.2",
      "vue": "^2.6.11",
      "vue-router": "^3.2.0",
      "vuex": "^3.4.0",
      "vxe-table": "^2.9.15",
      "xe-utils": "^2.7.1",
      "xlsx": "^0.16.4"
    },
    "devDependencies": {
      "@vue/cli-plugin-babel": "~4.4.0",
      "@vue/cli-plugin-eslint": "~4.4.0",
      "@vue/cli-plugin-router": "~4.4.0",
      "@vue/cli-plugin-vuex": "~4.4.0",
      "@vue/cli-service": "~4.4.0",
      "@vue/eslint-config-prettier": "^6.0.0",
      "babel-eslint": "^10.1.0",
      "electron": "^9.1.2",
      "electron-builder": "^22.8.0",
      "electron-packager": "^15.0.0",
      "electron-webpack": "^2.8.2",
      "eslint": "^6.7.2",
      "eslint-plugin-prettier": "^3.1.3",
      "eslint-plugin-vue": "^6.2.2",
      "prettier": "^1.19.1",
      "sass": "^1.26.5",
      "sass-loader": "^8.0.2",
      "vue-template-compiler": "^2.6.11"
    },
    "eslintConfig": {
      "root": true,
      "env": {
        "node": true
      },
      "extends": [
        "plugin:vue/essential",
        "eslint:recommended",
        "@vue/prettier"
      ],
      "parserOptions": {
        "parser": "babel-eslint"
      },
      "rules": {}
    },
    "browserslist": [
      "> 1%",
      "last 2 versions",
      "not dead"
    ],
    "build": {
      "asar": false,
      "productName": "广艺舟",
      "appId": "com.guangyizhou.pc",
      "copyright": "青龙",
      "directories": {
        "output": "build"
      },
      "nsis": {
        "perMachine": true,
        "oneClick": false,
        "allowElevation": true,
        "allowToChangeInstallationDirectory": true,
        "installerIcon": "./public/favicon.ico",
        "uninstallerIcon": "./public/favicon.ico",
        "installerHeaderIcon": "./public/favicon.ico",
        "createDesktopShortcut": true,
        "createStartMenuShortcut": true,
        "shortcutName": "./public/installer.nsh"
      },
      "publish": [
        {
          "provider": "generic",
          "url": "http://localhost:3000/app"
        }
      ],
      "files": [
        "dist/*"
      ],
      "win": {
        "icon": "public/favicon.ico",
        "target": [
          {
            "target": "nsis",
            "arch": [
              "x64"
            ]
          }
        ]
      }
    }
  }

yarn manifest: 
  No manifest

Lockfile: 
  No lockfile
